<?xml version="1.0" encoding="UTF-8"?>
<!-- Generated by org.testng.reporters.JUnitReportReporter -->
<testsuite hostname="Wolvierne-Lap" failures="0" tests="3" name="tests.account.LoginTests" time="44.984" errors="0" timestamp="2025-04-15T15:23:02 EET" skipped="0">
  <testcase classname="tests.account.LoginTests" name="testUserLogin" time="19.228"/>
  <testcase classname="tests.account.LoginTests" name="testUserLogin" time="12.859"/>
  <testcase classname="tests.account.LoginTests" name="testUserLogin" time="12.897"/>
</testsuite> <!-- tests.account.LoginTests -->
