<?xml version="1.0" encoding="UTF-8"?>
<!-- Generated by org.testng.reporters.JUnitReportReporter -->
<testsuite hostname="Wolvierne-Lap" failures="0" tests="2" name="tests.account.SignupTests" time="51.629" errors="0" timestamp="2025-04-15T15:23:02 EET" skipped="0">
  <testcase classname="tests.account.SignupTests" name="testRegisterUser" time="33.827"/>
  <testcase classname="tests.account.SignupTests" name="testRegisterUser" time="17.802"/>
</testsuite> <!-- tests.account.SignupTests -->
