<?xml version="1.0" encoding="UTF-8"?>
<!-- Generated by org.testng.reporters.JUnitReportReporter -->
<testsuite hostname="Wolvierne-Lap" failures="0" tests="3" name="tests.product.PurchaseWithLoginTests" time="124.022" errors="0" timestamp="2025-04-15T15:23:02 EET" skipped="0">
  <testcase classname="tests.product.PurchaseWithLoginTests" name="testPurchaseWithDirectAddToCart" time="39.259"/>
  <testcase classname="tests.product.PurchaseWithLoginTests" name="testPurchaseWithLogin" time="43.750"/>
  <testcase classname="tests.product.PurchaseWithLoginTests" name="testPurchaseFromProductDetails" time="41.013"/>
</testsuite> <!-- tests.product.PurchaseWithLoginTests -->
