<?xml version="1.0" encoding="UTF-8"?>
<!-- Generated by org.testng.reporters.JUnitReportReporter -->
<testsuite hostname="Wolvierne-Lap" failures="0" tests="1" name="tests.contact.ContactUsTests" time="22.029" errors="0" timestamp="2025-04-15T15:23:02 EET" skipped="0">
  <testcase classname="tests.contact.ContactUsTests" name="testContactUsForm" time="22.029"/>
</testsuite> <!-- tests.contact.ContactUsTests -->
