<?xml version="1.0" encoding="UTF-8"?>
<!-- Generated by org.testng.reporters.JUnitReportReporter -->
<testsuite hostname="Wolvierne-Lap" failures="0" tests="1" name="tests.product.PurchaseWithSignupTests" time="58.870" errors="0" timestamp="2025-04-15T15:23:02 EET" skipped="0">
  <testcase classname="tests.product.PurchaseWithSignupTests" name="testCompletePurchaseFlow" time="58.870"/>
</testsuite> <!-- tests.product.PurchaseWithSignupTests -->
